\BOOKMARK [1][-]{section.1}{\376\377\000G\000I\000T\172\172\225\364\162\266\140\001\121\163\174\373\126\376\171\072}{}% 1
\BOOKMARK [2][-]{subsection.1.1}{\376\377\116\343\170\001\143\320\116\244\116\016\135\345\117\134\155\101\172\013\126\376}{section.1}% 2
\BOOKMARK [2][-]{subsection.1.2}{\376\377\116\224\171\315\162\266\140\001\144\244\225\000\146\364\145\071\126\376}{section.1}% 3
\BOOKMARK [1][-]{section.2}{\376\377\122\033\136\372\162\110\147\054\136\223}{}% 4
\BOOKMARK [2][-]{subsection.2.1}{\376\377\122\035\131\313\123\026\162\110\147\054\136\223}{section.2}% 5
\BOOKMARK [2][-]{subsection.2.2}{\376\377\155\373\122\240\145\207\116\366\122\060\162\110\147\054\136\223\377\010\147\054\127\060\116\323\136\223\377\011}{section.2}% 6
\BOOKMARK [1][-]{section.3}{\376\377\162\110\147\054\143\247\122\066}{}% 7
\BOOKMARK [2][-]{subsection.3.1}{\376\377\000G\000I\000T\000\040\000R\000E\000S\000E\000T\165\050\154\325\211\343\147\220}{section.3}% 8
\BOOKMARK [2][-]{subsection.3.2}{\376\377\162\110\147\054\126\336\220\000}{section.3}% 9
\BOOKMARK [3][-]{subsubsection.3.2.1}{\376\377\147\345\167\013\143\320\116\244\123\206\123\362}{subsection.3.2}% 10
\BOOKMARK [3][-]{subsubsection.3.2.2}{\376\377\162\110\147\054\126\336\220\000}{subsection.3.2}% 11
\BOOKMARK [3][-]{subsubsection.3.2.3}{\376\377\162\110\147\054\122\115\177\156}{subsection.3.2}% 12
\BOOKMARK [2][-]{subsection.3.3}{\376\377\144\244\225\000\117\356\145\071}{section.3}% 13
\BOOKMARK [3][-]{subsubsection.3.3.1}{\376\377\116\042\137\003\135\345\117\134\123\072\166\204\117\356\145\071}{subsection.3.3}% 14
\BOOKMARK [3][-]{subsubsection.3.3.2}{\376\377\116\042\137\003\135\362\155\373\122\240\122\060\146\202\133\130\123\072\166\204\117\356\145\071}{subsection.3.3}% 15
\BOOKMARK [2][-]{subsection.3.4}{\376\377\122\040\226\144\145\207\116\366}{section.3}% 16
\BOOKMARK [3][-]{subsubsection.3.4.1}{\376\377\122\040\226\144\135\345\117\134\123\072\145\207\116\366}{subsection.3.4}% 17
\BOOKMARK [3][-]{subsubsection.3.4.2}{\376\377\170\156\213\244\122\040\226\144\122\031\143\320\116\244\162\110\147\054\136\223}{subsection.3.4}% 18
\BOOKMARK [3][-]{subsubsection.3.4.3}{\376\377\213\357\122\040\122\031\146\202\133\130\123\072\146\377\143\142\135\345\117\134\123\072\162\110\147\054}{subsection.3.4}% 19
\BOOKMARK [1][-]{section.4}{\376\377\217\334\172\013\116\323\136\223}{}% 20
\BOOKMARK [2][-]{subsection.4.1}{\376\377\155\373\122\240\217\334\172\013\136\223}{section.4}% 21
\BOOKMARK [2][-]{subsection.4.2}{\376\377\143\250\220\001\147\000\145\260\117\356\145\071}{section.4}% 22
\BOOKMARK [2][-]{subsection.4.3}{\376\377\116\316\217\334\172\013\136\223\121\113\226\206}{section.4}% 23
\BOOKMARK [1][-]{section.5}{\376\377\122\006\145\057\173\241\164\006}{}% 24
\BOOKMARK [1][-]{section.6}{\376\377\150\007\173\176\173\241\164\006}{}% 25
\BOOKMARK [2][-]{subsection.6.1}{\376\377\122\033\136\372\150\007\173\176}{section.6}% 26
\BOOKMARK [2][-]{subsection.6.2}{\376\377\147\345\167\013\142\100\147\011\150\007\173\176}{section.6}% 27
\BOOKMARK [2][-]{subsection.6.3}{\376\377\144\315\117\134\150\007\173\176}{section.6}% 28
\BOOKMARK [3][-]{subsubsection.6.3.1}{\376\377\143\250\220\001\147\054\127\060\150\007\173\176\122\060\217\334\172\013}{subsection.6.3}% 29
\BOOKMARK [3][-]{subsubsection.6.3.2}{\376\377\122\040\226\144\147\054\127\060\150\007\173\176}{subsection.6.3}% 30
\BOOKMARK [3][-]{subsubsection.6.3.3}{\376\377\122\040\226\144\217\334\172\013\150\007\173\176}{subsection.6.3}% 31
